<?xml version="1.0" encoding="UTF-8"?>
<!-- Generated by org.testng.reporters.JUnitReportReporter -->
<testsuite skipped="0" hostname="CWLK-THILINAL" name="TestMessageBuilder" tests="3" failures="0" timestamp="2019-10-29T18:32:13 IST" time="0.030" errors="0">
  <testcase name="testNameEmpty" time="0.027" classname="TestMessageBuilder"/>
  <testcase name="testNameNull" time="0.002" classname="TestMessageBuilder"/>
  <testcase name="testNameMkyong" time="0.001" classname="TestMessageBuilder"/>
</testsuite> <!-- TestMessageBuilder -->
