<?xml version="1.0" encoding="UTF-8"?>
<!-- Generated by org.testng.reporters.JUnitReportReporter -->
<testsuite skipped="0" hostname="CWLK-THILINAL" name="TestMyClass" tests="3" failures="0" timestamp="2019-10-30T09:51:36 IST" time="0.029" errors="0">
  <testcase name="testMin" time="0.001" classname="TestMyClass"/>
  <testcase name="testBranch" time="0.009" classname="TestMyClass"/>
  <testcase name="contextLoads" time="0.019" classname="TestMyClass"/>
</testsuite> <!-- TestMyClass -->
