<?xml version="1.0" encoding="UTF-8"?>
<!-- Generated by org.testng.reporters.JUnitReportReporter -->
<testsuite skipped="0" hostname="CWLK-THILINAL" name="TestMyClass" tests="3" failures="0" timestamp="2019-11-01T17:01:16 IST" time="0.016" errors="0">
  <testcase name="testMin" time="0.001" classname="TestMyClass"/>
  <testcase name="testBranch" time="0.006" classname="TestMyClass"/>
  <testcase name="contextLoads" time="0.009" classname="TestMyClass"/>
</testsuite> <!-- TestMyClass -->
